<?xml version="1.0" encoding="UTF-8"?>
<!-- Generated by org.testng.reporters.JUnitReportReporter -->
<testsuite hostname="DESKTOP-05J6JRM" failures="0" tests="21" name="com.bankguru.livecodingproject.editCustomerTestcases" time="8.981" errors="0" timestamp="06 Dec 2021 15:42:40 GMT" skipped="0">
  <testcase classname="com.bankguru.livecodingproject.editCustomerTestcases" name="TC_20_Verify_Telephone_Email_Cannot_Be_Empty" time="0.061"/>
  <testcase classname="com.bankguru.livecodingproject.editCustomerTestcases" name="TC_21_Verify_Telephone_Email_Must_Be_Correct_Format" time="0.095"/>
  <testcase classname="com.bankguru.livecodingproject.editCustomerTestcases" name="TC_10_Verify_State_Field_Cannot_Be_Empty" time="0.071"/>
  <testcase classname="com.bankguru.livecodingproject.editCustomerTestcases" name="TC_12_Verify_State_Field_Cannot_Have_Special_Character" time="0.058"/>
  <testcase classname="com.bankguru.livecodingproject.editCustomerTestcases" name="TC_06_Verify_Address_Field_Cannot_Be_Empty" time="0.077"/>
  <testcase classname="com.bankguru.livecodingproject.editCustomerTestcases" name="TC_09_Verify_City_Field_Cannot_Have_Special_Character" time="0.067"/>
  <testcase classname="com.bankguru.livecodingproject.editCustomerTestcases" name="TC_11_Verify_State_Field_Cannot_Be_Numeric" time="0.060"/>
  <testcase classname="com.bankguru.livecodingproject.editCustomerTestcases" name="TC_13_Verify_Pin_Field_Must_Be_Numeric" time="0.064"/>
  <testcase classname="com.bankguru.livecodingproject.editCustomerTestcases" name="TC_18_Verify_Telephone_Field_Cannot_Be_Empty" time="0.059"/>
  <testcase classname="com.bankguru.livecodingproject.editCustomerTestcases" name="TC_14_Verify_Pin_Field_Cannot_Be_Empty" time="0.062"/>
  <testcase classname="com.bankguru.livecodingproject.editCustomerTestcases" name="TC_16_Verify_Pin_Field_Cannot_Have_Special_Characters" time="0.061"/>
  <testcase classname="com.bankguru.livecodingproject.editCustomerTestcases" name="TC_17_Verify_Pin_Field_Cannot_Have_Special_Characters" time="0.060"/>
  <testcase classname="com.bankguru.livecodingproject.editCustomerTestcases" name="TC_03_Verify_Customer_ID_Textbox_Must_Be_Numeric" time="0.068"/>
  <testcase classname="com.bankguru.livecodingproject.editCustomerTestcases" name="TC_19_Verify_Telephone_Field_Cannot_Have_Special_Characters" time="0.054"/>
  <testcase classname="com.bankguru.livecodingproject.editCustomerTestcases" name="TC_04_Verify_Customer_ID_Textbox_Cannot_Have_Special_Character" time="0.068"/>
  <testcase classname="com.bankguru.livecodingproject.editCustomerTestcases" name="TC_05_Input_Valid_Data_To_Textbox" time="0.674"/>
  <testcase classname="com.bankguru.livecodingproject.editCustomerTestcases" name="TC_07_Verify_City_Field_Cannot_Be_Empty" time="0.066"/>
  <testcase classname="com.bankguru.livecodingproject.editCustomerTestcases" name="TC_02_Verify_Customer_ID_Textbox_Is_Not_Empty" time="0.203"/>
  <testcase classname="com.bankguru.livecodingproject.editCustomerTestcases" name="TC_08_Verify_City_Field_Cannot_Be_Numeric" time="0.080"/>
  <testcase classname="com.bankguru.livecodingproject.editCustomerTestcases" name="TC_01_Create_New_Customer_And_Checked_Created_Succesfully" time="6.917"/>
  <testcase classname="com.bankguru.livecodingproject.editCustomerTestcases" name="TC_15_Verify_Pin_Field_Must_Have_6_Digits" time="0.056"/>
</testsuite> <!-- com.bankguru.livecodingproject.editCustomerTestcases -->
