<?xml version="1.0" encoding="UTF-8"?>
<!-- Generated by org.testng.reporters.JUnitReportReporter -->
<testsuite hostname="Admin" failures="0" tests="3" name="com.nopcommerce.login.Level_03_Switch_Page_Objects" time="13.859" errors="0" timestamp="02 Oct 2021 18:42:54 GMT" skipped="0">
  <testcase classname="com.nopcommerce.login.Level_03_Switch_Page_Objects" name="Login_01_Register_To_System" time="8.547"/>
  <testcase classname="com.nopcommerce.login.Level_03_Switch_Page_Objects" name="Login_02_Login_To_System" time="2.201"/>
  <testcase classname="com.nopcommerce.login.Level_03_Switch_Page_Objects" name="TC_03_Switch_Page_Objects" time="3.111"/>
</testsuite> <!-- com.nopcommerce.login.Level_03_Switch_Page_Objects -->
