<?xml version="1.0" encoding="UTF-8"?>
<!-- Generated by org.testng.reporters.JUnitReportReporter -->
<testsuite hostname="Admin" failures="0" tests="1" name="com.query.datatable.Level_05_Data_Table" time="1.357" errors="0" timestamp="18 Sep 2021 17:09:29 GMT" skipped="0">
  <testcase classname="com.query.datatable.Level_05_Data_Table" name="TC_04" time="1.357"/>
</testsuite> <!-- com.query.datatable.Level_05_Data_Table -->
