<?xml version="1.0" encoding="UTF-8"?>
<!-- Generated by org.testng.reporters.JUnitReportReporter -->
<testsuite hostname="Admin" failures="0" tests="1" name="com.bankguru.user.User_01_New_Customer" time="0.003" errors="0" timestamp="25 Sep 2021 08:42:46 GMT" skipped="0">
  <testcase classname="com.bankguru.user.User_01_New_Customer" name="f" time="0.003"/>
</testsuite> <!-- com.bankguru.user.User_01_New_Customer -->
