<?xml version="1.0" encoding="UTF-8"?>
<!-- Generated by org.testng.reporters.JUnitReportReporter -->
<testsuite hostname="Admin" failures="0" tests="6" name="com.nopcommerce.login.Register_Logic_Page_Objects" time="33.163" errors="0" timestamp="14 Sep 2021 16:43:56 GMT" skipped="0">
  <testcase classname="com.nopcommerce.login.Register_Logic_Page_Objects" name="Login_01_Register_To_System" time="6.903"/>
  <testcase classname="com.nopcommerce.login.Register_Logic_Page_Objects" name="Login_01_Register_To_System" time="9.266"/>
  <testcase classname="com.nopcommerce.login.Register_Logic_Page_Objects" name="Login_01_Register_To_System" time="8.063"/>
  <testcase classname="com.nopcommerce.login.Register_Logic_Page_Objects" name="Login_02_Login_To_System" time="2.916"/>
  <testcase classname="com.nopcommerce.login.Register_Logic_Page_Objects" name="Login_02_Login_To_System" time="2.958"/>
  <testcase classname="com.nopcommerce.login.Register_Logic_Page_Objects" name="Login_02_Login_To_System" time="3.057"/>
</testsuite> <!-- com.nopcommerce.login.Register_Logic_Page_Objects -->
